Using device: cpu
11.8
⚠️ CUDA not available. Using CPU.
Files already downloaded and verified
Files already downloaded and verified
Training with configurable decay+noise schedule…
[schedule] decay=invpower | BETA=0.0 POWER_BETA=2.4110535042865755 | min_keep=0.5359065463975176 final_revision=False | noise=uniform level=0.11875875571239969 p=0.0 | val_frac=0.1293342379629357

epoch 1/30:   0%|          | 0/1361 [00:00<?, ?it/s]
epoch 1/30:   0%|          | 0/1361 [00:01<?, ?it/s, acc=0.031, loss=2.3752]
epoch 1/30:   0%|          | 1/1361 [00:01<30:26,  1.34s/it, acc=0.031, loss=2.3752]
epoch 1/30:   0%|          | 1/1361 [00:02<30:26,  1.34s/it, acc=0.188, loss=2.2460]
epoch 1/30:   0%|          | 2/1361 [00:02<26:35,  1.17s/it, acc=0.188, loss=2.2460]
epoch 1/30:   0%|          | 2/1361 [00:03<26:35,  1.17s/it, acc=0.094, loss=2.2930]
epoch 1/30:   0%|          | 3/1361 [00:03<23:42,  1.05s/it, acc=0.094, loss=2.2930]
epoch 1/30:   0%|          | 3/1361 [00:04<23:42,  1.05s/it, acc=0.094, loss=2.2983]
epoch 1/30:   0%|          | 4/1361 [00:04<23:02,  1.02s/it, acc=0.094, loss=2.2983]
epoch 1/30:   0%|          | 4/1361 [00:05<23:02,  1.02s/it, acc=0.219, loss=2.1313]
epoch 1/30:   0%|          | 5/1361 [00:05<21:34,  1.05it/s, acc=0.219, loss=2.1313]
epoch 1/30:   0%|          | 5/1361 [00:06<21:34,  1.05it/s, acc=0.250, loss=2.1759]
epoch 1/30:   0%|          | 6/1361 [00:06<21:17,  1.06it/s, acc=0.250, loss=2.1759]
epoch 1/30:   0%|          | 6/1361 [00:06<21:17,  1.06it/s, acc=0.125, loss=2.3148]
epoch 1/30:   1%|          | 7/1361 [00:06<20:35,  1.10it/s, acc=0.125, loss=2.3148]
epoch 1/30:   1%|          | 7/1361 [00:07<20:35,  1.10it/s, acc=0.156, loss=2.2159]
epoch 1/30:   1%|          | 8/1361 [00:07<20:35,  1.10it/s, acc=0.156, loss=2.2159]
epoch 1/30:   1%|          | 8/1361 [00:08<20:35,  1.10it/s, acc=0.062, loss=2.3950]
epoch 1/30:   1%|          | 9/1361 [00:08<21:21,  1.05it/s, acc=0.062, loss=2.3950]
epoch 1/30:   1%|          | 9/1361 [00:09<21:21,  1.05it/s, acc=0.156, loss=2.2711]
epoch 1/30:   1%|          | 10/1361 [00:09<21:07,  1.07it/s, acc=0.156, loss=2.2711]
epoch 1/30:   1%|          | 10/1361 [00:10<21:07,  1.07it/s, acc=0.094, loss=2.2007]
epoch 1/30:   1%|          | 11/1361 [00:10<21:50,  1.03it/s, acc=0.094, loss=2.2007]
epoch 1/30:   1%|          | 11/1361 [00:11<21:50,  1.03it/s, acc=0.188, loss=2.3421]
epoch 1/30:   1%|          | 12/1361 [00:11<21:25,  1.05it/s, acc=0.188, loss=2.3421]
epoch 1/30:   1%|          | 12/1361 [00:12<21:25,  1.05it/s, acc=0.156, loss=2.1228]
epoch 1/30:   1%|          | 13/1361 [00:12<21:58,  1.02it/s, acc=0.156, loss=2.1228]
epoch 1/30:   1%|          | 13/1361 [00:13<21:58,  1.02it/s, acc=0.219, loss=2.1189]
epoch 1/30:   1%|          | 14/1361 [00:13<20:53,  1.07it/s, acc=0.219, loss=2.1189]
epoch 1/30:   1%|          | 14/1361 [00:14<20:53,  1.07it/s, acc=0.125, loss=2.1703]
epoch 1/30:   1%|          | 15/1361 [00:14<20:10,  1.11it/s, acc=0.125, loss=2.1703]
epoch 1/30:   1%|          | 15/1361 [00:15<20:10,  1.11it/s, acc=0.281, loss=2.0581]
epoch 1/30:   1%|          | 16/1361 [00:15<20:10,  1.11it/s, acc=0.281, loss=2.0581]
epoch 1/30:   1%|          | 16/1361 [00:16<20:10,  1.11it/s, acc=0.156, loss=2.3980]
epoch 1/30:   1%|          | 17/1361 [00:16<19:40,  1.14it/s, acc=0.156, loss=2.3980]
epoch 1/30:   1%|          | 17/1361 [00:17<19:40,  1.14it/s, acc=0.281, loss=1.9864]
epoch 1/30:   1%|▏         | 18/1361 [00:17<20:11,  1.11it/s, acc=0.281, loss=1.9864]
epoch 1/30:   1%|▏         | 18/1361 [00:17<20:11,  1.11it/s, acc=0.188, loss=2.1234]
epoch 1/30:   1%|▏         | 19/1361 [00:17<19:43,  1.13it/s, acc=0.188, loss=2.1234]
epoch 1/30:   1%|▏         | 19/1361 [00:18<19:43,  1.13it/s, acc=0.156, loss=2.0849]
epoch 1/30:   1%|▏         | 20/1361 [00:18<19:14,  1.16it/s, acc=0.156, loss=2.0849]
epoch 1/30:   1%|▏         | 20/1361 [00:19<19:14,  1.16it/s, acc=0.125, loss=2.1275]
epoch 1/30:   2%|▏         | 21/1361 [00:19<19:50,  1.13it/s, acc=0.125, loss=2.1275]
epoch 1/30:   2%|▏         | 21/1361 [00:20<19:50,  1.13it/s, acc=0.312, loss=2.1780]
epoch 1/30:   2%|▏         | 22/1361 [00:20<19:17,  1.16it/s, acc=0.312, loss=2.1780]
epoch 1/30:   2%|▏         | 22/1361 [00:21<19:17,  1.16it/s, acc=0.125, loss=2.3362]
epoch 1/30:   2%|▏         | 23/1361 [00:21<20:09,  1.11it/s, acc=0.125, loss=2.3362]
epoch 1/30:   2%|▏         | 23/1361 [00:22<20:09,  1.11it/s, acc=0.344, loss=1.9686]
epoch 1/30:   2%|▏         | 24/1361 [00:22<20:10,  1.10it/s, acc=0.344, loss=1.9686]
epoch 1/30:   2%|▏         | 24/1361 [00:23<20:10,  1.10it/s, acc=0.312, loss=2.0378]
epoch 1/30:   2%|▏         | 25/1361 [00:23<20:15,  1.10it/s, acc=0.312, loss=2.0378]
epoch 1/30:   2%|▏         | 25/1361 [00:24<20:15,  1.10it/s, acc=0.156, loss=2.1500]
epoch 1/30:   2%|▏         | 26/1361 [00:24<19:30,  1.14it/s, acc=0.156, loss=2.1500]
epoch 1/30:   2%|▏         | 26/1361 [00:24<19:30,  1.14it/s, acc=0.281, loss=1.9499]
epoch 1/30:   2%|▏         | 27/1361 [00:24<19:14,  1.16it/s, acc=0.281, loss=1.9499]
epoch 1/30:   2%|▏         | 27/1361 [00:25<19:14,  1.16it/s, acc=0.219, loss=2.0744]
epoch 1/30:   2%|▏         | 28/1361 [00:25<19:48,  1.12it/s, acc=0.219, loss=2.0744]
epoch 1/30:   2%|▏         | 28/1361 [00:26<19:48,  1.12it/s, acc=0.281, loss=1.9167]
epoch 1/30:   2%|▏         | 29/1361 [00:26<19:25,  1.14it/s, acc=0.281, loss=1.9167]
epoch 1/30:   2%|▏         | 29/1361 [00:27<19:25,  1.14it/s, acc=0.375, loss=1.8457]
epoch 1/30:   2%|▏         | 30/1361 [00:27<20:46,  1.07it/s, acc=0.375, loss=1.8457]
epoch 1/30:   2%|▏         | 30/1361 [00:28<20:46,  1.07it/s, acc=0.125, loss=2.2666]
epoch 1/30:   2%|▏         | 31/1361 [00:28<20:38,  1.07it/s, acc=0.125, loss=2.2666]
epoch 1/30:   2%|▏         | 31/1361 [00:29<20:38,  1.07it/s, acc=0.312, loss=2.3047]
epoch 1/30:   2%|▏         | 32/1361 [00:29<20:16,  1.09it/s, acc=0.312, loss=2.3047]
epoch 1/30:   2%|▏         | 32/1361 [00:30<20:16,  1.09it/s, acc=0.344, loss=1.9941]
epoch 1/30:   2%|▏         | 33/1361 [00:30<21:11,  1.04it/s, acc=0.344, loss=1.9941]
epoch 1/30:   2%|▏         | 33/1361 [00:31<21:11,  1.04it/s, acc=0.250, loss=2.0273]
epoch 1/30:   2%|▏         | 34/1361 [00:31<20:05,  1.10it/s, acc=0.250, loss=2.0273]
epoch 1/30:   2%|▏         | 34/1361 [00:32<20:05,  1.10it/s, acc=0.219, loss=1.9680]
epoch 1/30:   3%|▎         | 35/1361 [00:32<20:33,  1.07it/s, acc=0.219, loss=1.9680]
epoch 1/30:   3%|▎         | 35/1361 [00:33<20:33,  1.07it/s, acc=0.125, loss=2.1814]
epoch 1/30:   3%|▎         | 36/1361 [00:33<20:12,  1.09it/s, acc=0.125, loss=2.1814]
epoch 1/30:   3%|▎         | 36/1361 [00:34<20:12,  1.09it/s, acc=0.281, loss=1.9209]
epoch 1/30:   3%|▎         | 37/1361 [00:34<20:10,  1.09it/s, acc=0.281, loss=1.9209]
epoch 1/30:   3%|▎         | 37/1361 [00:35<20:10,  1.09it/s, acc=0.156, loss=2.2117]
epoch 1/30:   3%|▎         | 38/1361 [00:35<19:28,  1.13it/s, acc=0.156, loss=2.2117]
epoch 1/30:   3%|▎         | 38/1361 [00:35<19:28,  1.13it/s, acc=0.219, loss=2.2744]
epoch 1/30:   3%|▎         | 39/1361 [00:35<19:02,  1.16it/s, acc=0.219, loss=2.2744]
epoch 1/30:   3%|▎         | 39/1361 [00:36<19:02,  1.16it/s, acc=0.250, loss=1.9538]
epoch 1/30:   3%|▎         | 40/1361 [00:36<19:33,  1.13it/s, acc=0.250, loss=1.9538]
epoch 1/30:   3%|▎         | 40/1361 [00:37<19:33,  1.13it/s, acc=0.312, loss=1.8461]
epoch 1/30:   3%|▎         | 41/1361 [00:37<19:01,  1.16it/s, acc=0.312, loss=1.8461]
epoch 1/30:   3%|▎         | 41/1361 [00:38<19:01,  1.16it/s, acc=0.281, loss=1.9524]
epoch 1/30:   3%|▎         | 42/1361 [00:38<19:17,  1.14it/s, acc=0.281, loss=1.9524]
epoch 1/30:   3%|▎         | 42/1361 [00:39<19:17,  1.14it/s, acc=0.312, loss=2.0758]
epoch 1/30:   3%|▎         | 43/1361 [00:39<18:51,  1.16it/s, acc=0.312, loss=2.0758]
epoch 1/30:   3%|▎         | 43/1361 [00:40<18:51,  1.16it/s, acc=0.344, loss=1.7467]
epoch 1/30:   3%|▎         | 44/1361 [00:40<19:02,  1.15it/s, acc=0.344, loss=1.7467]
epoch 1/30:   3%|▎         | 44/1361 [00:41<19:02,  1.15it/s, acc=0.344, loss=1.8845]
epoch 1/30:   3%|▎         | 45/1361 [00:41<19:59,  1.10it/s, acc=0.344, loss=1.8845]
epoch 1/30:   3%|▎         | 45/1361 [00:42<19:59,  1.10it/s, acc=0.344, loss=1.7348]
epoch 1/30:   3%|▎         | 46/1361 [00:42<19:51,  1.10it/s, acc=0.344, loss=1.7348]
epoch 1/30:   3%|▎         | 46/1361 [00:43<19:51,  1.10it/s, acc=0.219, loss=1.8438]
epoch 1/30:   3%|▎         | 47/1361 [00:43<20:39,  1.06it/s, acc=0.219, loss=1.8438]
epoch 1/30:   3%|▎         | 47/1361 [00:44<20:39,  1.06it/s, acc=0.156, loss=1.9741]
epoch 1/30:   4%|▎         | 48/1361 [00:44<20:10,  1.08it/s, acc=0.156, loss=1.9741]
epoch 1/30:   4%|▎         | 48/1361 [00:44<20:10,  1.08it/s, acc=0.281, loss=1.8472]
epoch 1/30:   4%|▎         | 49/1361 [00:44<20:26,  1.07it/s, acc=0.281, loss=1.8472]
epoch 1/30:   4%|▎         | 49/1361 [00:45<20:26,  1.07it/s, acc=0.188, loss=1.7938]
epoch 1/30:   4%|▎         | 50/1361 [00:45<19:52,  1.10it/s, acc=0.188, loss=1.7938]
epoch 1/30:   4%|▎         | 50/1361 [00:46<19:52,  1.10it/s, acc=0.156, loss=2.0711]
epoch 1/30:   4%|▎         | 51/1361 [00:46<19:13,  1.14it/s, acc=0.156, loss=2.0711]
epoch 1/30:   4%|▎         | 51/1361 [00:47<19:13,  1.14it/s, acc=0.188, loss=1.9670]
epoch 1/30:   4%|▍         | 52/1361 [00:47<19:41,  1.11it/s, acc=0.188, loss=1.9670]
epoch 1/30:   4%|▍         | 52/1361 [00:48<19:41,  1.11it/s, acc=0.188, loss=2.0413]
epoch 1/30:   4%|▍         | 53/1361 [00:48<19:20,  1.13it/s, acc=0.188, loss=2.0413]
epoch 1/30:   4%|▍         | 53/1361 [00:49<19:20,  1.13it/s, acc=0.250, loss=2.1237]
epoch 1/30:   4%|▍         | 54/1361 [00:49<19:31,  1.12it/s, acc=0.250, loss=2.1237]
epoch 1/30:   4%|▍         | 54/1361 [00:50<19:31,  1.12it/s, acc=0.281, loss=1.7063]
epoch 1/30:   4%|▍         | 55/1361 [00:50<18:54,  1.15it/s, acc=0.281, loss=1.7063]
epoch 1/30:   4%|▍         | 55/1361 [00:51<18:54,  1.15it/s, acc=0.219, loss=2.2279]
epoch 1/30:   4%|▍         | 56/1361 [00:51<18:42,  1.16it/s, acc=0.219, loss=2.2279]
epoch 1/30:   4%|▍         | 56/1361 [00:52<18:42,  1.16it/s, acc=0.219, loss=1.9553]
epoch 1/30:   4%|▍         | 57/1361 [00:52<19:35,  1.11it/s, acc=0.219, loss=1.9553]
epoch 1/30:   4%|▍         | 57/1361 [00:52<19:35,  1.11it/s, acc=0.281, loss=2.0285]
epoch 1/30:   4%|▍         | 58/1361 [00:52<19:07,  1.14it/s, acc=0.281, loss=2.0285]
epoch 1/30:   4%|▍         | 58/1361 [00:53<19:07,  1.14it/s, acc=0.281, loss=1.8347]
epoch 1/30:   4%|▍         | 59/1361 [00:53<19:40,  1.10it/s, acc=0.281, loss=1.8347]
epoch 1/30:   4%|▍         | 59/1361 [00:54<19:40,  1.10it/s, acc=0.125, loss=1.9831]
epoch 1/30:   4%|▍         | 60/1361 [00:54<18:55,  1.15it/s, acc=0.125, loss=1.9831]
epoch 1/30:   4%|▍         | 60/1361 [00:55<18:55,  1.15it/s, acc=0.250, loss=2.0189]
epoch 1/30:   4%|▍         | 61/1361 [00:55<18:25,  1.18it/s, acc=0.250, loss=2.0189]
epoch 1/30:   4%|▍         | 61/1361 [00:56<18:25,  1.18it/s, acc=0.219, loss=1.7611]
epoch 1/30:   5%|▍         | 62/1361 [00:56<19:02,  1.14it/s, acc=0.219, loss=1.7611]
epoch 1/30:   5%|▍         | 62/1361 [00:57<19:02,  1.14it/s, acc=0.281, loss=1.8269]
epoch 1/30:   5%|▍         | 63/1361 [00:57<18:44,  1.15it/s, acc=0.281, loss=1.8269]
epoch 1/30:   5%|▍         | 63/1361 [00:58<18:44,  1.15it/s, acc=0.250, loss=2.0720]
epoch 1/30:   5%|▍         | 64/1361 [00:58<19:04,  1.13it/s, acc=0.250, loss=2.0720]
epoch 1/30:   5%|▍         | 64/1361 [00:58<19:04,  1.13it/s, acc=0.188, loss=1.9909]
epoch 1/30:   5%|▍         | 65/1361 [00:58<18:23,  1.17it/s, acc=0.188, loss=1.9909]
epoch 1/30:   5%|▍         | 65/1361 [00:59<18:23,  1.17it/s, acc=0.188, loss=1.9444]
epoch 1/30:   5%|▍         | 66/1361 [00:59<17:54,  1.20it/s, acc=0.188, loss=1.9444]
epoch 1/30:   5%|▍         | 66/1361 [01:00<17:54,  1.20it/s, acc=0.219, loss=1.9542]
epoch 1/30:   5%|▍         | 67/1361 [01:00<18:30,  1.17it/s, acc=0.219, loss=1.9542]
epoch 1/30:   5%|▍         | 67/1361 [01:01<18:30,  1.17it/s, acc=0.281, loss=1.9089]
epoch 1/30:   5%|▍         | 68/1361 [01:01<18:06,  1.19it/s, acc=0.281, loss=1.9089]
epoch 1/30:   5%|▍         | 68/1361 [01:02<18:06,  1.19it/s, acc=0.312, loss=1.7349]
epoch 1/30:   5%|▌         | 69/1361 [01:02<18:52,  1.14it/s, acc=0.312, loss=1.7349]
epoch 1/30:   5%|▌         | 69/1361 [01:03<18:52,  1.14it/s, acc=0.281, loss=1.9303]
epoch 1/30:   5%|▌         | 70/1361 [01:03<18:28,  1.16it/s, acc=0.281, loss=1.9303]
epoch 1/30:   5%|▌         | 70/1361 [01:03<18:28,  1.16it/s, acc=0.438, loss=1.6912]
epoch 1/30:   5%|▌         | 71/1361 [01:03<18:11,  1.18it/s, acc=0.438, loss=1.6912]
epoch 1/30:   5%|▌         | 71/1361 [01:04<18:11,  1.18it/s, acc=0.219, loss=1.7126]
epoch 1/30:   5%|▌         | 72/1361 [01:04<18:43,  1.15it/s, acc=0.219, loss=1.7126]
epoch 1/30:   5%|▌         | 72/1361 [01:05<18:43,  1.15it/s, acc=0.250, loss=2.0066]
epoch 1/30:   5%|▌         | 73/1361 [01:05<18:35,  1.15it/s, acc=0.250, loss=2.0066]
epoch 1/30:   5%|▌         | 73/1361 [01:06<18:35,  1.15it/s, acc=0.219, loss=1.8442]
epoch 1/30:   5%|▌         | 74/1361 [01:06<18:56,  1.13it/s, acc=0.219, loss=1.8442]
epoch 1/30:   5%|▌         | 74/1361 [01:07<18:56,  1.13it/s, acc=0.344, loss=1.8200]
epoch 1/30:   6%|▌         | 75/1361 [01:07<18:35,  1.15it/s, acc=0.344, loss=1.8200]
epoch 1/30:   6%|▌         | 75/1361 [01:08<18:35,  1.15it/s, acc=0.281, loss=1.6315]
epoch 1/30:   6%|▌         | 76/1361 [01:08<18:22,  1.17it/s, acc=0.281, loss=1.6315]
epoch 1/30:   6%|▌         | 76/1361 [01:09<18:22,  1.17it/s, acc=0.094, loss=2.2019]
epoch 1/30:   6%|▌         | 77/1361 [01:09<18:58,  1.13it/s, acc=0.094, loss=2.2019]
epoch 1/30:   6%|▌         | 77/1361 [01:10<18:58,  1.13it/s, acc=0.188, loss=2.1025]
epoch 1/30:   6%|▌         | 78/1361 [01:10<18:26,  1.16it/s, acc=0.188, loss=2.1025]
epoch 1/30:   6%|▌         | 78/1361 [01:11<18:26,  1.16it/s, acc=0.344, loss=1.8157]
epoch 1/30:   6%|▌         | 79/1361 [01:11<18:44,  1.14it/s, acc=0.344, loss=1.8157]
epoch 1/30:   6%|▌         | 79/1361 [01:11<18:44,  1.14it/s, acc=0.344, loss=1.9845]
epoch 1/30:   6%|▌         | 80/1361 [01:11<18:37,  1.15it/s, acc=0.344, loss=1.9845]
epoch 1/30:   6%|▌         | 80/1361 [01:12<18:37,  1.15it/s, acc=0.281, loss=1.7270]
epoch 1/30:   6%|▌         | 81/1361 [01:12<18:25,  1.16it/s, acc=0.281, loss=1.7270]
epoch 1/30:   6%|▌         | 81/1361 [01:13<18:25,  1.16it/s, acc=0.312, loss=1.8691]
epoch 1/30:   6%|▌         | 82/1361 [01:13<18:57,  1.12it/s, acc=0.312, loss=1.8691]
epoch 1/30:   6%|▌         | 82/1361 [01:14<18:57,  1.12it/s, acc=0.094, loss=2.0380]
epoch 1/30:   6%|▌         | 83/1361 [01:14<18:23,  1.16it/s, acc=0.094, loss=2.0380]
epoch 1/30:   6%|▌         | 83/1361 [01:15<18:23,  1.16it/s, acc=0.312, loss=1.7108]
epoch 1/30:   6%|▌         | 84/1361 [01:15<18:43,  1.14it/s, acc=0.312, loss=1.7108]
epoch 1/30:   6%|▌         | 84/1361 [01:16<18:43,  1.14it/s, acc=0.250, loss=2.1965]
epoch 1/30:   6%|▌         | 85/1361 [01:16<18:07,  1.17it/s, acc=0.250, loss=2.1965]
epoch 1/30:   6%|▌         | 85/1361 [01:17<18:07,  1.17it/s, acc=0.156, loss=1.9769]
epoch 1/30:   6%|▋         | 86/1361 [01:17<17:50,  1.19it/s, acc=0.156, loss=1.9769]
epoch 1/30:   6%|▋         | 86/1361 [01:17<17:50,  1.19it/s, acc=0.250, loss=1.7345]
epoch 1/30:   6%|▋         | 87/1361 [01:17<18:29,  1.15it/s, acc=0.250, loss=1.7345]
epoch 1/30:   6%|▋         | 87/1361 [01:18<18:29,  1.15it/s, acc=0.219, loss=2.0158]
epoch 1/30:   6%|▋         | 88/1361 [01:18<18:09,  1.17it/s, acc=0.219, loss=2.0158]
epoch 1/30:   6%|▋         | 88/1361 [01:19<18:09,  1.17it/s, acc=0.281, loss=1.8819]
epoch 1/30:   7%|▋         | 89/1361 [01:19<18:26,  1.15it/s, acc=0.281, loss=1.8819]
epoch 1/30:   7%|▋         | 89/1361 [01:20<18:26,  1.15it/s, acc=0.406, loss=1.7896]
epoch 1/30:   7%|▋         | 90/1361 [01:20<18:03,  1.17it/s, acc=0.406, loss=1.7896]
epoch 1/30:   7%|▋         | 90/1361 [01:21<18:03,  1.17it/s, acc=0.375, loss=1.9973]
epoch 1/30:   7%|▋         | 91/1361 [01:21<18:00,  1.18it/s, acc=0.375, loss=1.9973]
epoch 1/30:   7%|▋         | 91/1361 [01:22<18:00,  1.18it/s, acc=0.219, loss=1.9230]
epoch 1/30:   7%|▋         | 92/1361 [01:22<18:36,  1.14it/s, acc=0.219, loss=1.9230]
epoch 1/30:   7%|▋         | 92/1361 [01:23<18:36,  1.14it/s, acc=0.188, loss=2.2208]
epoch 1/30:   7%|▋         | 93/1361 [01:23<18:05,  1.17it/s, acc=0.188, loss=2.2208]
epoch 1/30:   7%|▋         | 93/1361 [01:24<18:05,  1.17it/s, acc=0.250, loss=1.9068]
epoch 1/30:   7%|▋         | 94/1361 [01:24<18:31,  1.14it/s, acc=0.250, loss=1.9068]
epoch 1/30:   7%|▋         | 94/1361 [01:24<18:31,  1.14it/s, acc=0.219, loss=2.0296]
epoch 1/30:   7%|▋         | 95/1361 [01:24<18:18,  1.15it/s, acc=0.219, loss=2.0296]
epoch 1/30:   7%|▋         | 95/1361 [01:25<18:18,  1.15it/s, acc=0.375, loss=1.6820]
epoch 1/30:   7%|▋         | 96/1361 [01:25<18:21,  1.15it/s, acc=0.375, loss=1.6820]
epoch 1/30:   7%|▋         | 96/1361 [01:26<18:21,  1.15it/s, acc=0.406, loss=1.8207]
epoch 1/30:   7%|▋         | 97/1361 [01:26<19:13,  1.10it/s, acc=0.406, loss=1.8207]
epoch 1/30:   7%|▋         | 97/1361 [01:27<19:13,  1.10it/s, acc=0.375, loss=1.6446]
epoch 1/30:   7%|▋         | 98/1361 [01:27<19:12,  1.10it/s, acc=0.375, loss=1.6446]
epoch 1/30:   7%|▋         | 98/1361 [01:28<19:12,  1.10it/s, acc=0.188, loss=1.9820]
epoch 1/30:   7%|▋         | 99/1361 [01:28<19:48,  1.06it/s, acc=0.188, loss=1.9820]
epoch 1/30:   7%|▋         | 99/1361 [01:29<19:48,  1.06it/s, acc=0.344, loss=1.7320]
epoch 1/30:   7%|▋         | 100/1361 [01:29<19:08,  1.10it/s, acc=0.344, loss=1.7320]
epoch 1/30:   7%|▋         | 100/1361 [01:30<19:08,  1.10it/s, acc=0.281, loss=1.7576]
epoch 1/30:   7%|▋         | 101/1361 [01:30<18:28,  1.14it/s, acc=0.281, loss=1.7576]
epoch 1/30:   7%|▋         | 101/1361 [01:31<18:28,  1.14it/s, acc=0.188, loss=1.9669]
epoch 1/30:   7%|▋         | 102/1361 [01:31<18:40,  1.12it/s, acc=0.188, loss=1.9669]
epoch 1/30:   7%|▋         | 102/1361 [01:32<18:40,  1.12it/s, acc=0.219, loss=1.7366]
epoch 1/30:   8%|▊         | 103/1361 [01:32<18:14,  1.15it/s, acc=0.219, loss=1.7366]
epoch 1/30:   8%|▊         | 103/1361 [01:33<18:14,  1.15it/s, acc=0.188, loss=1.8717]
epoch 1/30:   8%|▊         | 104/1361 [01:33<18:47,  1.11it/s, acc=0.188, loss=1.8717]
epoch 1/30:   8%|▊         | 104/1361 [01:33<18:47,  1.11it/s, acc=0.219, loss=1.9724]
epoch 1/30:   8%|▊         | 105/1361 [01:33<18:21,  1.14it/s, acc=0.219, loss=1.9724]
epoch 1/30:   8%|▊         | 105/1361 [01:34<18:21,  1.14it/s, acc=0.438, loss=1.5873]
epoch 1/30:   8%|▊         | 106/1361 [01:34<19:14,  1.09it/s, acc=0.438, loss=1.5873]
epoch 1/30:   8%|▊         | 106/1361 [01:35<19:14,  1.09it/s, acc=0.375, loss=1.8041]
epoch 1/30:   8%|▊         | 107/1361 [01:35<19:04,  1.10it/s, acc=0.375, loss=1.8041]
epoch 1/30:   8%|▊         | 107/1361 [01:36<19:04,  1.10it/s, acc=0.312, loss=1.8785]
epoch 1/30:   8%|▊         | 108/1361 [01:36<18:48,  1.11it/s, acc=0.312, loss=1.8785]
epoch 1/30:   8%|▊         | 108/1361 [01:37<18:48,  1.11it/s, acc=0.406, loss=1.6950]
epoch 1/30:   8%|▊         | 109/1361 [01:37<19:35,  1.06it/s, acc=0.406, loss=1.6950]
epoch 1/30:   8%|▊         | 109/1361 [01:38<19:35,  1.06it/s, acc=0.344, loss=1.7586]
epoch 1/30:   8%|▊         | 110/1361 [01:38<19:07,  1.09it/s, acc=0.344, loss=1.7586]
epoch 1/30:   8%|▊         | 110/1361 [01:39<19:07,  1.09it/s, acc=0.188, loss=2.1278]
epoch 1/30:   8%|▊         | 111/1361 [01:39<19:15,  1.08it/s, acc=0.188, loss=2.1278]
epoch 1/30:   8%|▊         | 111/1361 [01:40<19:15,  1.08it/s, acc=0.344, loss=1.6460]
epoch 1/30:   8%|▊         | 112/1361 [01:40<18:25,  1.13it/s, acc=0.344, loss=1.6460]
epoch 1/30:   8%|▊         | 112/1361 [01:41<18:25,  1.13it/s, acc=0.469, loss=1.6222]
epoch 1/30:   8%|▊         | 113/1361 [01:41<17:59,  1.16it/s, acc=0.469, loss=1.6222]
epoch 1/30:   8%|▊         | 113/1361 [01:42<17:59,  1.16it/s, acc=0.344, loss=1.7731]
epoch 1/30:   8%|▊         | 114/1361 [01:42<18:23,  1.13it/s, acc=0.344, loss=1.7731]
epoch 1/30:   8%|▊         | 114/1361 [01:42<18:23,  1.13it/s, acc=0.344, loss=1.6601]
epoch 1/30:   8%|▊         | 115/1361 [01:42<17:51,  1.16it/s, acc=0.344, loss=1.6601]
epoch 1/30:   8%|▊         | 115/1361 [01:43<17:51,  1.16it/s, acc=0.406, loss=1.6775]
epoch 1/30:   9%|▊         | 116/1361 [01:43<18:14,  1.14it/s, acc=0.406, loss=1.6775]
epoch 1/30:   9%|▊         | 116/1361 [01:44<18:14,  1.14it/s, acc=0.281, loss=1.9266]
epoch 1/30:   9%|▊         | 117/1361 [01:44<18:05,  1.15it/s, acc=0.281, loss=1.9266]
epoch 1/30:   9%|▊         | 117/1361 [01:45<18:05,  1.15it/s, acc=0.312, loss=1.9244]
epoch 1/30:   9%|▊         | 118/1361 [01:45<17:41,  1.17it/s, acc=0.312, loss=1.9244]
epoch 1/30:   9%|▊         | 118/1361 [01:46<17:41,  1.17it/s, acc=0.281, loss=1.9748]
epoch 1/30:   9%|▊         | 119/1361 [01:46<18:06,  1.14it/s, acc=0.281, loss=1.9748]
epoch 1/30:   9%|▊         | 119/1361 [01:47<18:06,  1.14it/s, acc=0.375, loss=1.8482]
epoch 1/30:   9%|▉         | 120/1361 [01:47<18:23,  1.12it/s, acc=0.375, loss=1.8482]
epoch 1/30:   9%|▉         | 120/1361 [01:48<18:23,  1.12it/s, acc=0.375, loss=1.7619]
epoch 1/30:   9%|▉         | 121/1361 [01:48<19:04,  1.08it/s, acc=0.375, loss=1.7619]
epoch 1/30:   9%|▉         | 121/1361 [01:49<19:04,  1.08it/s, acc=0.250, loss=2.0452]
epoch 1/30:   9%|▉         | 122/1361 [01:49<18:46,  1.10it/s, acc=0.250, loss=2.0452]
epoch 1/30:   9%|▉         | 122/1361 [01:50<18:46,  1.10it/s, acc=0.438, loss=1.8112]
epoch 1/30:   9%|▉         | 123/1361 [01:50<20:23,  1.01it/s, acc=0.438, loss=1.8112]
epoch 1/30:   9%|▉         | 123/1361 [01:51<20:23,  1.01it/s, acc=0.438, loss=1.7151]
epoch 1/30:   9%|▉         | 124/1361 [01:51<19:48,  1.04it/s, acc=0.438, loss=1.7151]
epoch 1/30:   9%|▉         | 124/1361 [01:52<19:48,  1.04it/s, acc=0.312, loss=1.7536]
epoch 1/30:   9%|▉         | 125/1361 [01:52<20:05,  1.03it/s, acc=0.312, loss=1.7536]
epoch 1/30:   9%|▉         | 125/1361 [01:53<20:05,  1.03it/s, acc=0.250, loss=2.0200]
epoch 1/30:   9%|▉         | 126/1361 [01:53<19:22,  1.06it/s, acc=0.250, loss=2.0200]
epoch 1/30:   9%|▉         | 126/1361 [01:53<19:22,  1.06it/s, acc=0.281, loss=2.1136]
epoch 1/30:   9%|▉         | 127/1361 [01:53<18:44,  1.10it/s, acc=0.281, loss=2.1136]
epoch 1/30:   9%|▉         | 127/1361 [01:54<18:44,  1.10it/s, acc=0.375, loss=1.4752]
epoch 1/30:   9%|▉         | 128/1361 [01:54<18:55,  1.09it/s, acc=0.375, loss=1.4752]
epoch 1/30:   9%|▉         | 128/1361 [01:55<18:55,  1.09it/s, acc=0.344, loss=1.8835]
epoch 1/30:   9%|▉         | 129/1361 [01:55<18:34,  1.11it/s, acc=0.344, loss=1.8835]
epoch 1/30:   9%|▉         | 129/1361 [01:56<18:34,  1.11it/s, acc=0.438, loss=1.7414]
epoch 1/30:  10%|▉         | 130/1361 [01:56<18:35,  1.10it/s, acc=0.438, loss=1.7414]
epoch 1/30:  10%|▉         | 130/1361 [01:57<18:35,  1.10it/s, acc=0.344, loss=1.7067]
epoch 1/30:  10%|▉         | 131/1361 [01:57<18:04,  1.13it/s, acc=0.344, loss=1.7067]
epoch 1/30:  10%|▉         | 131/1361 [01:58<18:04,  1.13it/s, acc=0.531, loss=1.4277]
epoch 1/30:  10%|▉         | 132/1361 [01:58<17:34,  1.17it/s, acc=0.531, loss=1.4277]
epoch 1/30:  10%|▉         | 132/1361 [01:59<17:34,  1.17it/s, acc=0.344, loss=2.0436]
epoch 1/30:  10%|▉         | 133/1361 [01:59<18:04,  1.13it/s, acc=0.344, loss=2.0436]
epoch 1/30:  10%|▉         | 133/1361 [02:00<18:04,  1.13it/s, acc=0.375, loss=1.5442]
epoch 1/30:  10%|▉         | 134/1361 [02:00<17:36,  1.16it/s, acc=0.375, loss=1.5442]
epoch 1/30:  10%|▉         | 134/1361 [02:00<17:36,  1.16it/s, acc=0.312, loss=1.8924]
epoch 1/30:  10%|▉         | 135/1361 [02:00<18:04,  1.13it/s, acc=0.312, loss=1.8924]
epoch 1/30:  10%|▉         | 135/1361 [02:01<18:04,  1.13it/s, acc=0.281, loss=1.7928]
epoch 1/30:  10%|▉         | 136/1361 [02:01<17:36,  1.16it/s, acc=0.281, loss=1.7928]
epoch 1/30:  10%|▉         | 136/1361 [02:02<17:36,  1.16it/s, acc=0.312, loss=1.7502]
epoch 1/30:  10%|█         | 137/1361 [02:02<17:29,  1.17it/s, acc=0.312, loss=1.7502]
epoch 1/30:  10%|█         | 137/1361 [02:03<17:29,  1.17it/s, acc=0.406, loss=1.9834]
epoch 1/30:  10%|█         | 138/1361 [02:03<18:07,  1.12it/s, acc=0.406, loss=1.9834]
epoch 1/30:  10%|█         | 138/1361 [02:04<18:07,  1.12it/s, acc=0.156, loss=2.1247]
epoch 1/30:  10%|█         | 139/1361 [02:04<17:49,  1.14it/s, acc=0.156, loss=2.1247]
epoch 1/30:  10%|█         | 139/1361 [02:05<17:49,  1.14it/s, acc=0.438, loss=1.8719]
epoch 1/30:  10%|█         | 140/1361 [02:05<18:12,  1.12it/s, acc=0.438, loss=1.8719]
epoch 1/30:  10%|█         | 140/1361 [02:06<18:12,  1.12it/s, acc=0.344, loss=1.8103]
epoch 1/30:  10%|█         | 141/1361 [02:06<17:31,  1.16it/s, acc=0.344, loss=1.8103]
epoch 1/30:  10%|█         | 141/1361 [02:06<17:31,  1.16it/s, acc=0.375, loss=1.6784]
epoch 1/30:  10%|█         | 142/1361 [02:06<17:16,  1.18it/s, acc=0.375, loss=1.6784]
epoch 1/30:  10%|█         | 142/1361 [02:07<17:16,  1.18it/s, acc=0.281, loss=1.8318]
epoch 1/30:  11%|█         | 143/1361 [02:07<17:41,  1.15it/s, acc=0.281, loss=1.8318]
epoch 1/30:  11%|█         | 143/1361 [02:08<17:41,  1.15it/s, acc=0.281, loss=1.7295]
epoch 1/30:  11%|█         | 144/1361 [02:08<17:12,  1.18it/s, acc=0.281, loss=1.7295]
epoch 1/30:  11%|█         | 144/1361 [02:09<17:12,  1.18it/s, acc=0.375, loss=1.7738]
epoch 1/30:  11%|█         | 145/1361 [02:09<17:27,  1.16it/s, acc=0.375, loss=1.7738]
epoch 1/30:  11%|█         | 145/1361 [02:10<17:27,  1.16it/s, acc=0.406, loss=1.6060]
epoch 1/30:  11%|█         | 146/1361 [02:10<17:25,  1.16it/s, acc=0.406, loss=1.6060]
epoch 1/30:  11%|█         | 146/1361 [02:11<17:25,  1.16it/s, acc=0.250, loss=1.9229]
epoch 1/30:  11%|█         | 147/1361 [02:11<16:57,  1.19it/s, acc=0.250, loss=1.9229]
epoch 1/30:  11%|█         | 147/1361 [02:12<16:57,  1.19it/s, acc=0.406, loss=1.7683]
epoch 1/30:  11%|█         | 148/1361 [02:12<17:41,  1.14it/s, acc=0.406, loss=1.7683]
epoch 1/30:  11%|█         | 148/1361 [02:13<17:41,  1.14it/s, acc=0.375, loss=1.7187]
epoch 1/30:  11%|█         | 149/1361 [02:13<17:34,  1.15it/s, acc=0.375, loss=1.7187]
epoch 1/30:  11%|█         | 149/1361 [02:14<17:34,  1.15it/s, acc=0.344, loss=1.6559]
epoch 1/30:  11%|█         | 150/1361 [02:14<18:12,  1.11it/s, acc=0.344, loss=1.6559]
epoch 1/30:  11%|█         | 150/1361 [02:14<18:12,  1.11it/s, acc=0.375, loss=1.7562]
epoch 1/30:  11%|█         | 151/1361 [02:14<17:35,  1.15it/s, acc=0.375, loss=1.7562]
epoch 1/30:  11%|█         | 151/1361 [02:15<17:35,  1.15it/s, acc=0.312, loss=1.9559]
epoch 1/30:  11%|█         | 152/1361 [02:15<17:06,  1.18it/s, acc=0.312, loss=1.9559]
epoch 1/30:  11%|█         | 152/1361 [02:16<17:06,  1.18it/s, acc=0.344, loss=1.6555]
epoch 1/30:  11%|█         | 153/1361 [02:16<17:39,  1.14it/s, acc=0.344, loss=1.6555]
epoch 1/30:  11%|█         | 153/1361 [02:17<17:39,  1.14it/s, acc=0.469, loss=1.5404]
epoch 1/30:  11%|█▏        | 154/1361 [02:17<17:32,  1.15it/s, acc=0.469, loss=1.5404]
epoch 1/30:  11%|█▏        | 154/1361 [02:18<17:32,  1.15it/s, acc=0.344, loss=1.5762]
epoch 1/30:  11%|█▏        | 155/1361 [02:18<17:47,  1.13it/s, acc=0.344, loss=1.5762]
epoch 1/30:  11%|█▏        | 155/1361 [02:19<17:47,  1.13it/s, acc=0.344, loss=1.7652]
epoch 1/30:  11%|█▏        | 156/1361 [02:19<17:36,  1.14it/s, acc=0.344, loss=1.7652]
epoch 1/30:  11%|█▏        | 156/1361 [02:19<17:36,  1.14it/s, acc=0.469, loss=1.5998]
epoch 1/30:  12%|█▏        | 157/1361 [02:19<17:13,  1.16it/s, acc=0.469, loss=1.5998]
epoch 1/30:  12%|█▏        | 157/1361 [02:20<17:13,  1.16it/s, acc=0.375, loss=1.7501]
epoch 1/30:  12%|█▏        | 158/1361 [02:20<17:29,  1.15it/s, acc=0.375, loss=1.7501]
epoch 1/30:  12%|█▏        | 158/1361 [02:21<17:29,  1.15it/s, acc=0.312, loss=1.8536]
epoch 1/30:  12%|█▏        | 159/1361 [02:21<17:01,  1.18it/s, acc=0.312, loss=1.8536]
epoch 1/30:  12%|█▏        | 159/1361 [02:22<17:01,  1.18it/s, acc=0.281, loss=2.0633]
epoch 1/30:  12%|█▏        | 160/1361 [02:22<17:59,  1.11it/s, acc=0.281, loss=2.0633]
epoch 1/30:  12%|█▏        | 160/1361 [02:23<17:59,  1.11it/s, acc=0.438, loss=1.6849]
epoch 1/30:  12%|█▏        | 161/1361 [02:23<17:55,  1.12it/s, acc=0.438, loss=1.6849]
epoch 1/30:  12%|█▏        | 161/1361 [02:24<17:55,  1.12it/s, acc=0.375, loss=1.7427]
epoch 1/30:  12%|█▏        | 162/1361 [02:24<17:38,  1.13it/s, acc=0.375, loss=1.7427]
epoch 1/30:  12%|█▏        | 162/1361 [02:25<17:38,  1.13it/s, acc=0.438, loss=1.4676]
epoch 1/30:  12%|█▏        | 163/1361 [02:25<17:47,  1.12it/s, acc=0.438, loss=1.4676]
epoch 1/30:  12%|█▏        | 163/1361 [02:26<17:47,  1.12it/s, acc=0.281, loss=1.8400]
epoch 1/30:  12%|█▏        | 164/1361 [02:26<17:22,  1.15it/s, acc=0.281, loss=1.8400]
epoch 1/30:  12%|█▏        | 164/1361 [02:27<17:22,  1.15it/s, acc=0.344, loss=1.7589]
epoch 1/30:  12%|█▏        | 165/1361 [02:27<18:10,  1.10it/s, acc=0.344, loss=1.7589]
epoch 1/30:  12%|█▏        | 165/1361 [02:28<18:10,  1.10it/s, acc=0.344, loss=2.0168]
epoch 1/30:  12%|█▏        | 166/1361 [02:28<17:36,  1.13it/s, acc=0.344, loss=2.0168]
epoch 1/30:  12%|█▏        | 166/1361 [02:29<17:36,  1.13it/s, acc=0.344, loss=1.5562]
epoch 1/30:  12%|█▏        | 167/1361 [02:29<18:18,  1.09it/s, acc=0.344, loss=1.5562]
epoch 1/30:  12%|█▏        | 167/1361 [02:29<18:18,  1.09it/s, acc=0.281, loss=1.8598]
epoch 1/30:  12%|█▏        | 168/1361 [02:29<17:43,  1.12it/s, acc=0.281, loss=1.8598]
epoch 1/30:  12%|█▏        | 168/1361 [02:30<17:43,  1.12it/s, acc=0.438, loss=1.5430]
epoch 1/30:  12%|█▏        | 169/1361 [02:30<17:14,  1.15it/s, acc=0.438, loss=1.5430]
epoch 1/30:  12%|█▏        | 169/1361 [02:31<17:14,  1.15it/s, acc=0.219, loss=1.9532]
epoch 1/30:  12%|█▏        | 170/1361 [02:31<17:50,  1.11it/s, acc=0.219, loss=1.9532]
epoch 1/30:  12%|█▏        | 170/1361 [02:32<17:50,  1.11it/s, acc=0.250, loss=1.9724]
epoch 1/30:  13%|█▎        | 171/1361 [02:32<17:44,  1.12it/s, acc=0.250, loss=1.9724]
epoch 1/30:  13%|█▎        | 171/1361 [02:33<17:44,  1.12it/s, acc=0.438, loss=1.6493]
epoch 1/30:  13%|█▎        | 172/1361 [02:33<17:51,  1.11it/s, acc=0.438, loss=1.6493]
epoch 1/30:  13%|█▎        | 172/1361 [02:34<17:51,  1.11it/s, acc=0.312, loss=1.5497]
epoch 1/30:  13%|█▎        | 173/1361 [02:34<17:29,  1.13it/s, acc=0.312, loss=1.5497]
epoch 1/30:  13%|█▎        | 173/1361 [02:35<17:29,  1.13it/s, acc=0.375, loss=1.7142]
epoch 1/30:  13%|█▎        | 174/1361 [02:35<17:18,  1.14it/s, acc=0.375, loss=1.7142]
epoch 1/30:  13%|█▎        | 174/1361 [02:36<17:18,  1.14it/s, acc=0.406, loss=1.5640]
epoch 1/30:  13%|█▎        | 175/1361 [02:36<17:59,  1.10it/s, acc=0.406, loss=1.5640]
epoch 1/30:  13%|█▎        | 175/1361 [02:37<17:59,  1.10it/s, acc=0.375, loss=1.5222]
epoch 1/30:  13%|█▎        | 176/1361 [02:37<17:50,  1.11it/s, acc=0.375, loss=1.5222]
epoch 1/30:  13%|█▎        | 176/1361 [02:37<17:50,  1.11it/s, acc=0.281, loss=1.8844]
epoch 1/30:  13%|█▎        | 177/1361 [02:37<18:13,  1.08it/s, acc=0.281, loss=1.8844]
epoch 1/30:  13%|█▎        | 177/1361 [02:38<18:13,  1.08it/s, acc=0.406, loss=1.7486]
epoch 1/30:  13%|█▎        | 178/1361 [02:38<17:54,  1.10it/s, acc=0.406, loss=1.7486]
epoch 1/30:  13%|█▎        | 178/1361 [02:39<17:54,  1.10it/s, acc=0.312, loss=1.9530]
epoch 1/30:  13%|█▎        | 179/1361 [02:39<18:14,  1.08it/s, acc=0.312, loss=1.9530]
epoch 1/30:  13%|█▎        | 179/1361 [02:40<18:14,  1.08it/s, acc=0.406, loss=1.7683]
epoch 1/30:  13%|█▎        | 180/1361 [02:40<17:56,  1.10it/s, acc=0.406, loss=1.7683]
epoch 1/30:  13%|█▎        | 180/1361 [02:41<17:56,  1.10it/s, acc=0.312, loss=1.8697]
epoch 1/30:  13%|█▎        | 181/1361 [02:41<17:15,  1.14it/s, acc=0.312, loss=1.8697]
epoch 1/30:  13%|█▎        | 181/1361 [02:42<17:15,  1.14it/s, acc=0.406, loss=1.5956]
epoch 1/30:  13%|█▎        | 182/1361 [02:42<17:30,  1.12it/s, acc=0.406, loss=1.5956]
epoch 1/30:  13%|█▎        | 182/1361 [02:43<17:30,  1.12it/s, acc=0.375, loss=1.7096]
epoch 1/30:  13%|█▎        | 183/1361 [02:43<16:56,  1.16it/s, acc=0.375, loss=1.7096]
epoch 1/30:  13%|█▎        | 183/1361 [02:44<16:56,  1.16it/s, acc=0.156, loss=2.1059]
epoch 1/30:  14%|█▎        | 184/1361 [02:44<17:24,  1.13it/s, acc=0.156, loss=2.1059]
epoch 1/30:  14%|█▎        | 184/1361 [02:44<17:24,  1.13it/s, acc=0.312, loss=1.5613]
epoch 1/30:  14%|█▎        | 185/1361 [02:44<16:52,  1.16it/s, acc=0.312, loss=1.5613]
epoch 1/30:  14%|█▎        | 185/1361 [02:45<16:52,  1.16it/s, acc=0.438, loss=1.5767]
epoch 1/30:  14%|█▎        | 186/1361 [02:45<17:00,  1.15it/s, acc=0.438, loss=1.5767]
epoch 1/30:  14%|█▎        | 186/1361 [02:46<17:00,  1.15it/s, acc=0.312, loss=1.6291]
epoch 1/30:  14%|█▎        | 187/1361 [02:46<17:26,  1.12it/s, acc=0.312, loss=1.6291]
epoch 1/30:  14%|█▎        | 187/1361 [02:47<17:26,  1.12it/s, acc=0.312, loss=1.6752]
epoch 1/30:  14%|█▍        | 188/1361 [02:47<17:31,  1.12it/s, acc=0.312, loss=1.6752]
epoch 1/30:  14%|█▍        | 188/1361 [02:48<17:31,  1.12it/s, acc=0.281, loss=1.9435]
epoch 1/30:  14%|█▍        | 189/1361 [02:48<17:51,  1.09it/s, acc=0.281, loss=1.9435]
epoch 1/30:  14%|█▍        | 189/1361 [02:49<17:51,  1.09it/s, acc=0.250, loss=1.9918]
epoch 1/30:  14%|█▍        | 190/1361 [02:49<17:11,  1.14it/s, acc=0.250, loss=1.9918]
epoch 1/30:  14%|█▍        | 190/1361 [02:50<17:11,  1.14it/s, acc=0.438, loss=1.5970]
epoch 1/30:  14%|█▍        | 191/1361 [02:50<16:35,  1.18it/s, acc=0.438, loss=1.5970]
epoch 1/30:  14%|█▍        | 191/1361 [02:51<16:35,  1.18it/s, acc=0.219, loss=2.1367]
epoch 1/30:  14%|█▍        | 192/1361 [02:51<17:04,  1.14it/s, acc=0.219, loss=2.1367]
epoch 1/30:  14%|█▍        | 192/1361 [02:51<17:04,  1.14it/s, acc=0.406, loss=1.6772]
epoch 1/30:  14%|█▍        | 193/1361 [02:51<16:40,  1.17it/s, acc=0.406, loss=1.6772]
epoch 1/30:  14%|█▍        | 193/1361 [02:52<16:40,  1.17it/s, acc=0.281, loss=1.8278]
epoch 1/30:  14%|█▍        | 194/1361 [02:52<16:58,  1.15it/s, acc=0.281, loss=1.8278]
epoch 1/30:  14%|█▍        | 194/1361 [02:53<16:58,  1.15it/s, acc=0.375, loss=1.7209]
epoch 1/30:  14%|█▍        | 195/1361 [02:53<16:47,  1.16it/s, acc=0.375, loss=1.7209]
epoch 1/30:  14%|█▍        | 195/1361 [02:54<16:47,  1.16it/s, acc=0.375, loss=1.6132]
epoch 1/30:  14%|█▍        | 196/1361 [02:54<16:21,  1.19it/s, acc=0.375, loss=1.6132]
epoch 1/30:  14%|█▍        | 196/1361 [02:55<16:21,  1.19it/s, acc=0.438, loss=1.6422]
epoch 1/30:  14%|█▍        | 197/1361 [02:55<16:49,  1.15it/s, acc=0.438, loss=1.6422]
epoch 1/30:  14%|█▍        | 197/1361 [02:56<16:49,  1.15it/s, acc=0.219, loss=2.1573]
epoch 1/30:  15%|█▍        | 198/1361 [02:56<16:38,  1.16it/s, acc=0.219, loss=2.1573]
epoch 1/30:  15%|█▍        | 198/1361 [02:57<16:38,  1.16it/s, acc=0.500, loss=1.5436]
epoch 1/30:  15%|█▍        | 199/1361 [02:57<16:59,  1.14it/s, acc=0.500, loss=1.5436]
epoch 1/30:  15%|█▍        | 199/1361 [02:58<16:59,  1.14it/s, acc=0.250, loss=1.6965]
epoch 1/30:  15%|█▍        | 200/1361 [02:58<16:35,  1.17it/s, acc=0.250, loss=1.6965]
epoch 1/30:  15%|█▍        | 200/1361 [02:58<16:35,  1.17it/s, acc=0.312, loss=1.9314]
epoch 1/30:  15%|█▍        | 201/1361 [02:58<16:21,  1.18it/s, acc=0.312, loss=1.9314]
epoch 1/30:  15%|█▍        | 201/1361 [02:59<16:21,  1.18it/s, acc=0.281, loss=1.9200]
epoch 1/30:  15%|█▍        | 202/1361 [02:59<17:06,  1.13it/s, acc=0.281, loss=1.9200]
epoch 1/30:  15%|█▍        | 202/1361 [03:00<17:06,  1.13it/s, acc=0.375, loss=1.5935]
epoch 1/30:  15%|█▍        | 203/1361 [03:00<16:42,  1.16it/s, acc=0.375, loss=1.5935]
epoch 1/30:  15%|█▍        | 203/1361 [03:01<16:42,  1.16it/s, acc=0.250, loss=2.0318]
epoch 1/30:  15%|█▍        | 204/1361 [03:01<17:04,  1.13it/s, acc=0.250, loss=2.0318]
epoch 1/30:  15%|█▍        | 204/1361 [03:02<17:04,  1.13it/s, acc=0.406, loss=1.7651]
epoch 1/30:  15%|█▌        | 205/1361 [03:02<17:03,  1.13it/s, acc=0.406, loss=1.7651]
epoch 1/30:  15%|█▌        | 205/1361 [03:03<17:03,  1.13it/s, acc=0.438, loss=1.6003]
epoch 1/30:  15%|█▌        | 206/1361 [03:03<16:44,  1.15it/s, acc=0.438, loss=1.6003]
epoch 1/30:  15%|█▌        | 206/1361 [03:04<16:44,  1.15it/s, acc=0.344, loss=1.7636]
epoch 1/30:  15%|█▌        | 207/1361 [03:04<17:19,  1.11it/s, acc=0.344, loss=1.7636]
epoch 1/30:  15%|█▌        | 207/1361 [03:05<17:19,  1.11it/s, acc=0.438, loss=1.5482]
epoch 1/30:  15%|█▌        | 208/1361 [03:05<17:00,  1.13it/s, acc=0.438, loss=1.5482]
epoch 1/30:  15%|█▌        | 208/1361 [03:06<17:00,  1.13it/s, acc=0.281, loss=1.6904]
epoch 1/30:  15%|█▌        | 209/1361 [03:06<17:12,  1.12it/s, acc=0.281, loss=1.6904]
epoch 1/30:  15%|█▌        | 209/1361 [03:06<17:12,  1.12it/s, acc=0.469, loss=1.6761]
epoch 1/30:  15%|█▌        | 210/1361 [03:06<16:55,  1.13it/s, acc=0.469, loss=1.6761]
epoch 1/30:  15%|█▌        | 210/1361 [03:07<16:55,  1.13it/s, acc=0.500, loss=1.4060]
epoch 1/30:  16%|█▌        | 211/1361 [03:07<16:28,  1.16it/s, acc=0.500, loss=1.4060]
epoch 1/30:  16%|█▌        | 211/1361 [03:08<16:28,  1.16it/s, acc=0.500, loss=1.3622]
epoch 1/30:  16%|█▌        | 212/1361 [03:08<16:37,  1.15it/s, acc=0.500, loss=1.3622]
epoch 1/30:  16%|█▌        | 212/1361 [03:09<16:37,  1.15it/s, acc=0.344, loss=1.5918]
epoch 1/30:  16%|█▌        | 213/1361 [03:09<16:12,  1.18it/s, acc=0.344, loss=1.5918]
epoch 1/30:  16%|█▌        | 213/1361 [03:10<16:12,  1.18it/s, acc=0.281, loss=1.8262]
epoch 1/30:  16%|█▌        | 214/1361 [03:10<16:40,  1.15it/s, acc=0.281, loss=1.8262]
epoch 1/30:  16%|█▌        | 214/1361 [03:11<16:40,  1.15it/s, acc=0.438, loss=1.6886]
epoch 1/30:  16%|█▌        | 215/1361 [03:11<16:43,  1.14it/s, acc=0.438, loss=1.6886]
epoch 1/30:  16%|█▌        | 215/1361 [03:12<16:43,  1.14it/s, acc=0.250, loss=1.9615]
epoch 1/30:  16%|█▌        | 216/1361 [03:12<16:38,  1.15it/s, acc=0.250, loss=1.9615]
epoch 1/30:  16%|█▌        | 216/1361 [03:12<16:38,  1.15it/s, acc=0.469, loss=1.5731]
epoch 1/30:  16%|█▌        | 217/1361 [03:12<17:01,  1.12it/s, acc=0.469, loss=1.5731]
epoch 1/30:  16%|█▌        | 217/1361 [03:13<17:01,  1.12it/s, acc=0.312, loss=1.7480]
epoch 1/30:  16%|█▌        | 218/1361 [03:13<16:37,  1.15it/s, acc=0.312, loss=1.7480]
epoch 1/30:  16%|█▌        | 218/1361 [03:14<16:37,  1.15it/s, acc=0.375, loss=1.5938]
epoch 1/30:  16%|█▌        | 219/1361 [03:14<16:53,  1.13it/s, acc=0.375, loss=1.5938]
epoch 1/30:  16%|█▌        | 219/1361 [03:15<16:53,  1.13it/s, acc=0.312, loss=1.7685]
epoch 1/30:  16%|█▌        | 220/1361 [03:15<16:23,  1.16it/s, acc=0.312, loss=1.7685]
epoch 1/30:  16%|█▌        | 220/1361 [03:16<16:23,  1.16it/s, acc=0.406, loss=1.5553]
epoch 1/30:  16%|█▌        | 221/1361 [03:16<16:19,  1.16it/s, acc=0.406, loss=1.5553]
epoch 1/30:  16%|█▌        | 221/1361 [03:17<16:19,  1.16it/s, acc=0.250, loss=1.8495]
epoch 1/30:  16%|█▋        | 222/1361 [03:17<16:36,  1.14it/s, acc=0.250, loss=1.8495]
epoch 1/30:  16%|█▋        | 222/1361 [03:18<16:36,  1.14it/s, acc=0.469, loss=1.5908]
epoch 1/30:  16%|█▋        | 223/1361 [03:18<16:03,  1.18it/s, acc=0.469, loss=1.5908]
epoch 1/30:  16%|█▋        | 223/1361 [03:19<16:03,  1.18it/s, acc=0.312, loss=1.7049]
epoch 1/30:  16%|█▋        | 224/1361 [03:19<16:31,  1.15it/s, acc=0.312, loss=1.7049]
epoch 1/30:  16%|█▋        | 224/1361 [03:19<16:31,  1.15it/s, acc=0.469, loss=1.6769]
epoch 1/30:  17%|█▋        | 225/1361 [03:19<16:33,  1.14it/s, acc=0.469, loss=1.6769]
epoch 1/30:  17%|█▋        | 225/1361 [03:20<16:33,  1.14it/s, acc=0.344, loss=1.6832]
epoch 1/30:  17%|█▋        | 226/1361 [03:20<16:45,  1.13it/s, acc=0.344, loss=1.6832]
epoch 1/30:  17%|█▋        | 226/1361 [03:21<16:45,  1.13it/s, acc=0.219, loss=1.7825]
epoch 1/30:  17%|█▋        | 227/1361 [03:21<17:23,  1.09it/s, acc=0.219, loss=1.7825]
epoch 1/30:  17%|█▋        | 227/1361 [03:22<17:23,  1.09it/s, acc=0.375, loss=1.9025]
epoch 1/30:  17%|█▋        | 228/1361 [03:22<17:02,  1.11it/s, acc=0.375, loss=1.9025]
epoch 1/30:  17%|█▋        | 228/1361 [03:23<17:02,  1.11it/s, acc=0.344, loss=1.7539]
epoch 1/30:  17%|█▋        | 229/1361 [03:23<17:32,  1.08it/s, acc=0.344, loss=1.7539]
epoch 1/30:  17%|█▋        | 229/1361 [03:24<17:32,  1.08it/s, acc=0.438, loss=1.4930]
epoch 1/30:  17%|█▋        | 230/1361 [03:24<17:09,  1.10it/s, acc=0.438, loss=1.4930]
epoch 1/30:  17%|█▋        | 230/1361 [03:25<17:09,  1.10it/s, acc=0.469, loss=1.4834]
epoch 1/30:  17%|█▋        | 231/1361 [03:25<17:01,  1.11it/s, acc=0.469, loss=1.4834]
epoch 1/30:  17%|█▋        | 231/1361 [03:26<17:01,  1.11it/s, acc=0.406, loss=1.6551]
epoch 1/30:  17%|█▋        | 232/1361 [03:26<16:30,  1.14it/s, acc=0.406, loss=1.6551]
epoch 1/30:  17%|█▋        | 232/1361 [03:27<16:30,  1.14it/s, acc=0.438, loss=1.6887]
epoch 1/30:  17%|█▋        | 233/1361 [03:27<16:11,  1.16it/s, acc=0.438, loss=1.6887]
epoch 1/30:  17%|█▋        | 233/1361 [03:27<16:11,  1.16it/s, acc=0.312, loss=1.8169]
epoch 1/30:  17%|█▋        | 234/1361 [03:27<16:35,  1.13it/s, acc=0.312, loss=1.8169]
epoch 1/30:  17%|█▋        | 234/1361 [03:28<16:35,  1.13it/s, acc=0.406, loss=1.8256]
epoch 1/30:  17%|█▋        | 235/1361 [03:28<16:19,  1.15it/s, acc=0.406, loss=1.8256]
epoch 1/30:  17%|█▋        | 235/1361 [03:29<16:19,  1.15it/s, acc=0.344, loss=1.6942]
epoch 1/30:  17%|█▋        | 236/1361 [03:29<16:26,  1.14it/s, acc=0.344, loss=1.6942]
epoch 1/30:  17%|█▋        | 236/1361 [03:30<16:26,  1.14it/s, acc=0.406, loss=1.6598]
epoch 1/30:  17%|█▋        | 237/1361 [03:30<15:51,  1.18it/s, acc=0.406, loss=1.6598]
epoch 1/30:  17%|█▋        | 237/1361 [03:31<15:51,  1.18it/s, acc=0.156, loss=2.0261]
epoch 1/30:  17%|█▋        | 238/1361 [03:31<15:28,  1.21it/s, acc=0.156, loss=2.0261]
epoch 1/30:  17%|█▋        | 238/1361 [03:32<15:28,  1.21it/s, acc=0.406, loss=1.5519]
epoch 1/30:  18%|█▊        | 239/1361 [03:32<16:20,  1.14it/s, acc=0.406, loss=1.5519]
epoch 1/30:  18%|█▊        | 239/1361 [03:33<16:20,  1.14it/s, acc=0.438, loss=1.6370]
epoch 1/30:  18%|█▊        | 240/1361 [03:33<15:55,  1.17it/s, acc=0.438, loss=1.6370]
epoch 1/30:  18%|█▊        | 240/1361 [03:34<15:55,  1.17it/s, acc=0.344, loss=1.7713]
epoch 1/30:  18%|█▊        | 241/1361 [03:34<16:26,  1.14it/s, acc=0.344, loss=1.7713]
epoch 1/30:  18%|█▊        | 241/1361 [03:34<16:26,  1.14it/s, acc=0.344, loss=1.7061]
epoch 1/30:  18%|█▊        | 242/1361 [03:34<15:56,  1.17it/s, acc=0.344, loss=1.7061]
epoch 1/30:  18%|█▊        | 242/1361 [03:35<15:56,  1.17it/s, acc=0.531, loss=1.4869]
epoch 1/30:  18%|█▊        | 243/1361 [03:35<16:12,  1.15it/s, acc=0.531, loss=1.4869]
epoch 1/30:  18%|█▊        | 243/1361 [03:36<16:12,  1.15it/s, acc=0.312, loss=1.7892]
epoch 1/30:  18%|█▊        | 244/1361 [03:36<16:47,  1.11it/s, acc=0.312, loss=1.7892]
epoch 1/30:  18%|█▊        | 244/1361 [03:37<16:47,  1.11it/s, acc=0.344, loss=1.6994]
epoch 1/30:  18%|█▊        | 245/1361 [03:37<16:25,  1.13it/s, acc=0.344, loss=1.6994]
epoch 1/30:  18%|█▊        | 245/1361 [03:38<16:25,  1.13it/s, acc=0.375, loss=1.6192]
epoch 1/30:  18%|█▊        | 246/1361 [03:38<16:49,  1.10it/s, acc=0.375, loss=1.6192]
epoch 1/30:  18%|█▊        | 246/1361 [03:39<16:49,  1.10it/s, acc=0.375, loss=1.7534]
epoch 1/30:  18%|█▊        | 247/1361 [03:39<16:29,  1.13it/s, acc=0.375, loss=1.7534]
epoch 1/30:  18%|█▊        | 247/1361 [03:40<16:29,  1.13it/s, acc=0.406, loss=1.5744]
epoch 1/30:  18%|█▊        | 248/1361 [03:40<16:39,  1.11it/s, acc=0.406, loss=1.5744]
epoch 1/30:  18%|█▊        | 248/1361 [03:41<16:39,  1.11it/s, acc=0.281, loss=2.0306]
